2024-06-22T11:51:21  test: strengthen coverage
2024-07-10T18:08:28  chore: tune defaults
2024-08-04T13:25:35  refactor: simplify helper
2024-08-30T08:42:42  chore: routine maintenance
2024-09-24T15:59:49  docs: clarify usage notes
2024-10-13T10:16:56  test: add edge case
2024-11-07T17:33:03  refactor: tidy internals
2024-12-03T12:50:10  fix: handle empty input gracefully
2024-12-28T19:07:17  perf: micro-optimization
2025-01-16T14:24:24  style: formatting
2025-02-10T09:41:31  chore: bump dev tooling
2025-03-08T16:58:38  docs: expand examples
2025-04-02T11:15:45  test: strengthen coverage
2025-04-21T18:32:52  chore: tune defaults
2025-05-16T13:49:59  refactor: simplify helper
2025-06-11T08:06:06  chore: routine maintenance
2025-07-06T15:23:13  docs: clarify usage notes
2025-07-31T10:40:20  test: add edge case
2025-08-19T17:57:27  refactor: tidy internals
2025-09-13T12:14:34  fix: handle empty input gracefully
2025-10-09T19:31:41  perf: micro-optimization
2025-11-03T14:48:48  style: formatting
2025-11-22T09:05:55  chore: bump dev tooling
2025-12-17T16:22:02  docs: expand examples
2026-01-12T11:39:09  test: strengthen coverage
2026-02-06T18:56:16  chore: tune defaults
2026-03-21T13:13:23  refactor: simplify helper
2026-04-15T08:30:30  chore: routine maintenance
2026-04-17T15:47:37  docs: clarify usage notes
2026-05-12T10:04:44  test: add edge case
2024-07-10T11:51:21  chore: feed the FOUNDRY
2024-11-16T18:08:28  chore: IRONCLAD hardening pass
2025-03-09T13:25:35  chore: ATHENA-PRIME calibration
2025-04-04T08:42:42  feat: PROMETHEUS unbound
2025-07-26T15:59:49  chore: BLACKBOOK redaction pass
2025-12-03T10:16:56  refactor: I have altered the code. pray I don't alter it further
2025-12-29T17:33:03  feat: do or do not, there is no try/except
2026-04-21T12:50:10  perf: speed. I am speed.
